<?xml version="1.0" encoding="UTF-8"?>
<testsuite name="hellogradle.AppTest" tests="1" skipped="0" failures="0" errors="0" timestamp="2025-03-13T05:00:06" hostname="iselab1-OptiPlex-5000" time="0.002">
  <properties/>
  <testcase name="appHasAGreeting" classname="hellogradle.AppTest" time="0.002"/>
  <system-out><![CDATA[]]></system-out>
  <system-err><![CDATA[]]></system-err>
</testsuite>
